<?xml version="1.0" encoding="UTF-8"?>
<!-- Generated by org.testng.reporters.JUnitReportReporter -->
<testsuite hostname="janet" failures="0" tests="1" name="com.actitime.testscript.DemoTest" time="0.010" errors="0" timestamp="2023-03-15T13:12:57 IST" skipped="0">
  <testcase classname="com.actitime.testscript.DemoTest" name="demo" time="0.010"/>
  <system-out>
    <![CDATA[welcome]]>
  </system-out>
</testsuite> <!-- com.actitime.testscript.DemoTest -->
